[2026-02-22 01:48:58] Quality Gate Orchestrator started
[2026-02-22 01:48:58] Monitoring 37 subjects across 5 semesters
[2026-02-22 01:48:58] ======================================================================
[2026-02-22 01:48:58] PHASE 1: Monitoring round 1 completion...
[2026-02-22 01:48:58] ======================================================================
[2026-02-22 01:48:58] Round 1 progress: 0/37 subjects done, 37 remaining
[2026-02-22 01:50:58] Round 1 progress: 1/37 subjects done, 36 remaining
[2026-02-22 01:52:58] Round 1 progress: 1/37 subjects done, 36 remaining
[2026-02-22 01:54:58] Round 1 progress: 1/37 subjects done, 36 remaining
[2026-02-22 01:56:58] Round 1 progress: 2/37 subjects done, 35 remaining
[2026-02-22 01:58:58] Round 1 progress: 2/37 subjects done, 35 remaining
[2026-02-22 02:00:58] Round 1 progress: 2/37 subjects done, 35 remaining
[2026-02-22 02:02:58] Round 1 progress: 2/37 subjects done, 35 remaining
[2026-02-22 02:04:58] Round 1 progress: 3/37 subjects done, 34 remaining
[2026-02-22 02:06:58] Round 1 progress: 4/37 subjects done, 33 remaining
[2026-02-22 02:08:58] Round 1 progress: 5/37 subjects done, 32 remaining
[2026-02-22 02:10:58] Round 1 progress: 5/37 subjects done, 32 remaining
[2026-02-22 02:12:58] Round 1 progress: 5/37 subjects done, 32 remaining
[2026-02-22 02:14:58] Round 1 progress: 6/37 subjects done, 31 remaining
[2026-02-22 02:16:58] Round 1 progress: 6/37 subjects done, 31 remaining
[2026-02-22 02:18:58] Round 1 progress: 6/37 subjects done, 31 remaining
[2026-02-22 02:20:58] Round 1 progress: 6/37 subjects done, 31 remaining
[2026-02-22 02:22:58] Round 1 progress: 6/37 subjects done, 31 remaining
[2026-02-22 02:24:58] Round 1 progress: 7/37 subjects done, 30 remaining
[2026-02-22 02:26:58] Round 1 progress: 7/37 subjects done, 30 remaining
[2026-02-22 02:28:58] Round 1 progress: 7/37 subjects done, 30 remaining
[2026-02-22 02:30:58] Round 1 progress: 7/37 subjects done, 30 remaining
[2026-02-22 02:32:58] Round 1 progress: 7/37 subjects done, 30 remaining
[2026-02-22 02:34:58] Round 1 progress: 7/37 subjects done, 30 remaining
[2026-02-22 02:36:58] Round 1 progress: 7/37 subjects done, 30 remaining
[2026-02-22 02:38:58] Round 1 progress: 7/37 subjects done, 30 remaining
[2026-02-22 02:40:58] Round 1 progress: 8/37 subjects done, 29 remaining
[2026-02-22 02:42:58] Round 1 progress: 8/37 subjects done, 29 remaining
[2026-02-22 02:44:58] Round 1 progress: 8/37 subjects done, 29 remaining
[2026-02-22 02:46:58] Round 1 progress: 8/37 subjects done, 29 remaining
[2026-02-22 02:48:58] Round 1 progress: 8/37 subjects done, 29 remaining
[2026-02-22 02:50:58] Round 1 progress: 8/37 subjects done, 29 remaining
[2026-02-22 02:52:58] Round 1 progress: 8/37 subjects done, 29 remaining
[2026-02-22 02:54:58] Round 1 progress: 9/37 subjects done, 28 remaining
[2026-02-22 02:56:58] Round 1 progress: 9/37 subjects done, 28 remaining
[2026-02-22 02:58:58] Round 1 progress: 9/37 subjects done, 28 remaining
[2026-02-22 03:00:58] Round 1 progress: 10/37 subjects done, 27 remaining
[2026-02-22 03:02:58] Round 1 progress: 10/37 subjects done, 27 remaining
[2026-02-22 03:04:58] Round 1 progress: 10/37 subjects done, 27 remaining
[2026-02-22 03:06:58] Round 1 progress: 11/37 subjects done, 26 remaining
[2026-02-22 03:08:58] Round 1 progress: 11/37 subjects done, 26 remaining
[2026-02-22 03:10:58] Round 1 progress: 11/37 subjects done, 26 remaining
[2026-02-22 03:12:58] Round 1 progress: 12/37 subjects done, 25 remaining
[2026-02-22 03:14:58] Round 1 progress: 12/37 subjects done, 25 remaining
[2026-02-22 03:16:58] Round 1 progress: 12/37 subjects done, 25 remaining
[2026-02-22 03:18:58] Round 1 progress: 12/37 subjects done, 25 remaining
[2026-02-22 03:20:58] Round 1 progress: 12/37 subjects done, 25 remaining
[2026-02-22 03:22:58] Round 1 progress: 12/37 subjects done, 25 remaining
[2026-02-22 03:24:58] Round 1 progress: 13/37 subjects done, 24 remaining
[2026-02-22 03:26:58] Round 1 progress: 13/37 subjects done, 24 remaining
[2026-02-22 03:28:58] Round 1 progress: 14/37 subjects done, 23 remaining
[2026-02-22 03:30:58] Round 1 progress: 14/37 subjects done, 23 remaining
[2026-02-22 03:32:58] Round 1 progress: 14/37 subjects done, 23 remaining
[2026-02-22 03:34:58] Round 1 progress: 14/37 subjects done, 23 remaining
[2026-02-22 03:36:58] Round 1 progress: 15/37 subjects done, 22 remaining
[2026-02-22 03:38:58] Round 1 progress: 15/37 subjects done, 22 remaining
[2026-02-22 03:40:58] Round 1 progress: 15/37 subjects done, 22 remaining
[2026-02-22 03:42:58] Round 1 progress: 16/37 subjects done, 21 remaining
[2026-02-22 03:44:58] Round 1 progress: 16/37 subjects done, 21 remaining
[2026-02-22 03:46:58] Round 1 progress: 16/37 subjects done, 21 remaining
[2026-02-22 03:48:58] Round 1 progress: 16/37 subjects done, 21 remaining
[2026-02-22 03:50:58] Round 1 progress: 16/37 subjects done, 21 remaining
[2026-02-22 03:52:58] Round 1 progress: 16/37 subjects done, 21 remaining
[2026-02-22 03:54:58] Round 1 progress: 17/37 subjects done, 20 remaining
[2026-02-22 03:56:58] Round 1 progress: 17/37 subjects done, 20 remaining
[2026-02-22 03:58:58] Round 1 progress: 17/37 subjects done, 20 remaining
[2026-02-22 04:00:58] Round 1 progress: 17/37 subjects done, 20 remaining
[2026-02-22 04:02:58] Round 1 progress: 17/37 subjects done, 20 remaining
[2026-02-22 04:04:58] Round 1 progress: 17/37 subjects done, 20 remaining
[2026-02-22 04:06:58] Round 1 progress: 17/37 subjects done, 20 remaining
[2026-02-22 04:08:58] Round 1 progress: 18/37 subjects done, 19 remaining
[2026-02-22 04:10:58] Round 1 progress: 18/37 subjects done, 19 remaining
[2026-02-22 04:12:58] Round 1 progress: 18/37 subjects done, 19 remaining
[2026-02-22 04:14:58] Round 1 progress: 18/37 subjects done, 19 remaining
[2026-02-22 04:16:58] Round 1 progress: 18/37 subjects done, 19 remaining
[2026-02-22 04:18:58] Round 1 progress: 18/37 subjects done, 19 remaining
[2026-02-22 04:20:58] Round 1 progress: 18/37 subjects done, 19 remaining
[2026-02-22 04:22:58] Round 1 progress: 18/37 subjects done, 19 remaining
[2026-02-22 04:24:58] Round 1 progress: 18/37 subjects done, 19 remaining
[2026-02-22 04:26:58] Round 1 progress: 18/37 subjects done, 19 remaining
[2026-02-22 04:28:58] Round 1 progress: 18/37 subjects done, 19 remaining
[2026-02-22 04:30:58] Round 1 progress: 18/37 subjects done, 19 remaining
[2026-02-22 04:32:58] Round 1 progress: 18/37 subjects done, 19 remaining
[2026-02-22 04:34:58] Round 1 progress: 18/37 subjects done, 19 remaining
[2026-02-22 04:36:58] Round 1 progress: 18/37 subjects done, 19 remaining
[2026-02-22 04:38:59] Round 1 progress: 19/37 subjects done, 18 remaining
[2026-02-22 04:40:59] Round 1 progress: 19/37 subjects done, 18 remaining
[2026-02-22 04:42:59] Round 1 progress: 19/37 subjects done, 18 remaining
[2026-02-22 04:44:59] Round 1 progress: 19/37 subjects done, 18 remaining
[2026-02-22 04:46:59] Round 1 progress: 19/37 subjects done, 18 remaining
[2026-02-22 04:48:59] Round 1 progress: 19/37 subjects done, 18 remaining
[2026-02-22 04:50:59] Round 1 progress: 19/37 subjects done, 18 remaining
[2026-02-22 04:52:59] Round 1 progress: 19/37 subjects done, 18 remaining
[2026-02-22 04:54:59] Round 1 progress: 20/37 subjects done, 17 remaining
[2026-02-22 04:56:59] Round 1 progress: 20/37 subjects done, 17 remaining
[2026-02-22 04:58:59] Round 1 progress: 20/37 subjects done, 17 remaining
[2026-02-22 05:00:59] Round 1 progress: 21/37 subjects done, 16 remaining
[2026-02-22 05:02:59] Round 1 progress: 21/37 subjects done, 16 remaining
[2026-02-22 05:04:59] Round 1 progress: 21/37 subjects done, 16 remaining
[2026-02-22 05:06:59] Round 1 progress: 21/37 subjects done, 16 remaining
[2026-02-22 05:08:59] Round 1 progress: 21/37 subjects done, 16 remaining
[2026-02-22 05:10:59] Round 1 progress: 21/37 subjects done, 16 remaining
[2026-02-22 05:12:59] Round 1 progress: 21/37 subjects done, 16 remaining
[2026-02-22 05:14:59] Round 1 progress: 21/37 subjects done, 16 remaining
[2026-02-22 05:16:59] Round 1 progress: 22/37 subjects done, 15 remaining
[2026-02-22 05:18:59] Round 1 progress: 23/37 subjects done, 14 remaining
[2026-02-22 05:20:59] Round 1 progress: 23/37 subjects done, 14 remaining
[2026-02-22 05:22:59] Round 1 progress: 24/37 subjects done, 13 remaining
[2026-02-22 05:24:59] Round 1 progress: 24/37 subjects done, 13 remaining
[2026-02-22 05:26:59] Round 1 progress: 24/37 subjects done, 13 remaining
[2026-02-22 05:28:59] Round 1 progress: 24/37 subjects done, 13 remaining
[2026-02-22 05:30:59] Round 1 progress: 24/37 subjects done, 13 remaining
[2026-02-22 05:32:59] Round 1 progress: 24/37 subjects done, 13 remaining
[2026-02-22 05:34:59] Round 1 progress: 25/37 subjects done, 12 remaining
[2026-02-22 05:36:59] Round 1 progress: 25/37 subjects done, 12 remaining
[2026-02-22 05:38:59] Round 1 progress: 25/37 subjects done, 12 remaining
[2026-02-22 05:40:59] Round 1 progress: 25/37 subjects done, 12 remaining
[2026-02-22 05:42:59] Round 1 progress: 25/37 subjects done, 12 remaining
[2026-02-22 05:44:59] Round 1 progress: 25/37 subjects done, 12 remaining
[2026-02-22 05:46:59] Round 1 progress: 25/37 subjects done, 12 remaining
[2026-02-22 05:48:59] Round 1 progress: 25/37 subjects done, 12 remaining
[2026-02-22 05:50:59] Round 1 progress: 25/37 subjects done, 12 remaining
[2026-02-22 05:52:59] Round 1 progress: 26/37 subjects done, 11 remaining
[2026-02-22 05:54:59] Round 1 progress: 27/37 subjects done, 10 remaining
[2026-02-22 05:54:59]   Waiting on: bcs402-microcontrollers, bcs403-database-management-system, bcs405b-graph-theory, bcs405c-optimization-technique, bcs405d-linear-algebra, bcs456a-green-it-and-sustainability, bcs456b-capacity-planning-for-it, bcs456c-uiux, bai654d-introduction-to-artificial-intelligence, bis654c-mobile-application-development
[2026-02-22 05:56:59] Round 1 progress: 27/37 subjects done, 10 remaining
[2026-02-22 05:56:59]   Waiting on: bcs402-microcontrollers, bcs403-database-management-system, bcs405b-graph-theory, bcs405c-optimization-technique, bcs405d-linear-algebra, bcs456a-green-it-and-sustainability, bcs456b-capacity-planning-for-it, bcs456c-uiux, bai654d-introduction-to-artificial-intelligence, bis654c-mobile-application-development
[2026-02-22 05:58:59] Round 1 progress: 27/37 subjects done, 10 remaining
[2026-02-22 05:58:59]   Waiting on: bcs402-microcontrollers, bcs403-database-management-system, bcs405b-graph-theory, bcs405c-optimization-technique, bcs405d-linear-algebra, bcs456a-green-it-and-sustainability, bcs456b-capacity-planning-for-it, bcs456c-uiux, bai654d-introduction-to-artificial-intelligence, bis654c-mobile-application-development
[2026-02-22 06:00:59] Round 1 progress: 27/37 subjects done, 10 remaining
[2026-02-22 06:00:59]   Waiting on: bcs402-microcontrollers, bcs403-database-management-system, bcs405b-graph-theory, bcs405c-optimization-technique, bcs405d-linear-algebra, bcs456a-green-it-and-sustainability, bcs456b-capacity-planning-for-it, bcs456c-uiux, bai654d-introduction-to-artificial-intelligence, bis654c-mobile-application-development
[2026-02-22 06:02:59] Round 1 progress: 27/37 subjects done, 10 remaining
[2026-02-22 06:02:59]   Waiting on: bcs402-microcontrollers, bcs403-database-management-system, bcs405b-graph-theory, bcs405c-optimization-technique, bcs405d-linear-algebra, bcs456a-green-it-and-sustainability, bcs456b-capacity-planning-for-it, bcs456c-uiux, bai654d-introduction-to-artificial-intelligence, bis654c-mobile-application-development
[2026-02-22 06:04:59] Round 1 progress: 27/37 subjects done, 10 remaining
[2026-02-22 06:04:59]   Waiting on: bcs402-microcontrollers, bcs403-database-management-system, bcs405b-graph-theory, bcs405c-optimization-technique, bcs405d-linear-algebra, bcs456a-green-it-and-sustainability, bcs456b-capacity-planning-for-it, bcs456c-uiux, bai654d-introduction-to-artificial-intelligence, bis654c-mobile-application-development
[2026-02-22 06:06:59] Round 1 progress: 27/37 subjects done, 10 remaining
[2026-02-22 06:06:59]   Waiting on: bcs402-microcontrollers, bcs403-database-management-system, bcs405b-graph-theory, bcs405c-optimization-technique, bcs405d-linear-algebra, bcs456a-green-it-and-sustainability, bcs456b-capacity-planning-for-it, bcs456c-uiux, bai654d-introduction-to-artificial-intelligence, bis654c-mobile-application-development
[2026-02-22 06:08:59] Round 1 progress: 27/37 subjects done, 10 remaining
[2026-02-22 06:08:59]   Waiting on: bcs402-microcontrollers, bcs403-database-management-system, bcs405b-graph-theory, bcs405c-optimization-technique, bcs405d-linear-algebra, bcs456a-green-it-and-sustainability, bcs456b-capacity-planning-for-it, bcs456c-uiux, bai654d-introduction-to-artificial-intelligence, bis654c-mobile-application-development
[2026-02-22 06:10:59] Round 1 progress: 27/37 subjects done, 10 remaining
[2026-02-22 06:10:59]   Waiting on: bcs402-microcontrollers, bcs403-database-management-system, bcs405b-graph-theory, bcs405c-optimization-technique, bcs405d-linear-algebra, bcs456a-green-it-and-sustainability, bcs456b-capacity-planning-for-it, bcs456c-uiux, bai654d-introduction-to-artificial-intelligence, bis654c-mobile-application-development
[2026-02-22 06:12:59] Round 1 progress: 27/37 subjects done, 10 remaining
[2026-02-22 06:12:59]   Waiting on: bcs402-microcontrollers, bcs403-database-management-system, bcs405b-graph-theory, bcs405c-optimization-technique, bcs405d-linear-algebra, bcs456a-green-it-and-sustainability, bcs456b-capacity-planning-for-it, bcs456c-uiux, bai654d-introduction-to-artificial-intelligence, bis654c-mobile-application-development
[2026-02-22 06:14:59] Round 1 progress: 27/37 subjects done, 10 remaining
[2026-02-22 06:14:59]   Waiting on: bcs402-microcontrollers, bcs403-database-management-system, bcs405b-graph-theory, bcs405c-optimization-technique, bcs405d-linear-algebra, bcs456a-green-it-and-sustainability, bcs456b-capacity-planning-for-it, bcs456c-uiux, bai654d-introduction-to-artificial-intelligence, bis654c-mobile-application-development
[2026-02-22 06:16:59] Round 1 progress: 27/37 subjects done, 10 remaining
[2026-02-22 06:16:59]   Waiting on: bcs402-microcontrollers, bcs403-database-management-system, bcs405b-graph-theory, bcs405c-optimization-technique, bcs405d-linear-algebra, bcs456a-green-it-and-sustainability, bcs456b-capacity-planning-for-it, bcs456c-uiux, bai654d-introduction-to-artificial-intelligence, bis654c-mobile-application-development
[2026-02-22 06:18:59] Round 1 progress: 27/37 subjects done, 10 remaining
[2026-02-22 06:18:59]   Waiting on: bcs402-microcontrollers, bcs403-database-management-system, bcs405b-graph-theory, bcs405c-optimization-technique, bcs405d-linear-algebra, bcs456a-green-it-and-sustainability, bcs456b-capacity-planning-for-it, bcs456c-uiux, bai654d-introduction-to-artificial-intelligence, bis654c-mobile-application-development
[2026-02-22 06:20:59] Round 1 progress: 27/37 subjects done, 10 remaining
[2026-02-22 06:20:59]   Waiting on: bcs402-microcontrollers, bcs403-database-management-system, bcs405b-graph-theory, bcs405c-optimization-technique, bcs405d-linear-algebra, bcs456a-green-it-and-sustainability, bcs456b-capacity-planning-for-it, bcs456c-uiux, bai654d-introduction-to-artificial-intelligence, bis654c-mobile-application-development
[2026-02-22 06:23:31] Quality Gate Orchestrator started
[2026-02-22 06:23:31] Monitoring 37 subjects across 5 semesters
[2026-02-22 06:23:31] ======================================================================
[2026-02-22 06:23:31] PHASE 1: Monitoring round 1 completion...
[2026-02-22 06:23:31] ======================================================================
[2026-02-22 06:23:31] Round 1 progress: 29/37 subjects done, 8 remaining
[2026-02-22 06:23:31]   Waiting on: bcs402-microcontrollers, bcs403-database-management-system, bcs405b-graph-theory, bcs405c-optimization-technique, bcs405d-linear-algebra, bcs456a-green-it-and-sustainability, bcs456b-capacity-planning-for-it, bcs456c-uiux
[2026-02-22 06:25:32] Round 1 progress: 29/37 subjects done, 8 remaining
[2026-02-22 06:25:32]   Waiting on: bcs402-microcontrollers, bcs403-database-management-system, bcs405b-graph-theory, bcs405c-optimization-technique, bcs405d-linear-algebra, bcs456a-green-it-and-sustainability, bcs456b-capacity-planning-for-it, bcs456c-uiux
[2026-02-22 06:27:32] Round 1 progress: 29/37 subjects done, 8 remaining
[2026-02-22 06:27:32]   Waiting on: bcs402-microcontrollers, bcs403-database-management-system, bcs405b-graph-theory, bcs405c-optimization-technique, bcs405d-linear-algebra, bcs456a-green-it-and-sustainability, bcs456b-capacity-planning-for-it, bcs456c-uiux
[2026-02-22 06:29:32] Round 1 progress: 29/37 subjects done, 8 remaining
[2026-02-22 06:29:32]   Waiting on: bcs402-microcontrollers, bcs403-database-management-system, bcs405b-graph-theory, bcs405c-optimization-technique, bcs405d-linear-algebra, bcs456a-green-it-and-sustainability, bcs456b-capacity-planning-for-it, bcs456c-uiux
[2026-02-22 06:31:32] Round 1 progress: 29/37 subjects done, 8 remaining
[2026-02-22 06:31:32]   Waiting on: bcs402-microcontrollers, bcs403-database-management-system, bcs405b-graph-theory, bcs405c-optimization-technique, bcs405d-linear-algebra, bcs456a-green-it-and-sustainability, bcs456b-capacity-planning-for-it, bcs456c-uiux
[2026-02-22 06:33:32] Round 1 progress: 29/37 subjects done, 8 remaining
[2026-02-22 06:33:32] No new completions for 600s — assuming 8 subjects need round 2: bcs402-microcontrollers, bcs403-database-management-system, bcs405b-graph-theory, bcs405c-optimization-technique, bcs405d-linear-algebra, bcs456a-green-it-and-sustainability, bcs456b-capacity-planning-for-it, bcs456c-uiux
[2026-02-22 06:33:32] ======================================================================
[2026-02-22 06:33:32] ROUND 1 DONE — 29/37 subjects completed, round 2 will handle the rest
[2026-02-22 06:33:32] ======================================================================
[2026-02-22 06:33:32] ======================================================================
[2026-02-22 06:33:32] PHASE 2: Preparing round 2 (fresh re-rating of all topics)...
[2026-02-22 06:33:32] ======================================================================
[2026-02-22 06:33:32] Cleared 30 progress files for fresh re-rating
[2026-02-22 06:33:32] ======================================================================
[2026-02-22 06:33:32] PHASE 2: Starting round 2 — 5 semesters in parallel
[2026-02-22 06:33:32] ======================================================================
[2026-02-22 06:33:32] Round 2 [sem-3] Starting 6 subjects...
[2026-02-22 06:33:32] Round 2 [sem-4] Starting 10 subjects...
[2026-02-22 06:33:32] Round 2 [sem-5] Starting 8 subjects...
[2026-02-22 06:33:32] Round 2 [sem-6] Starting 10 subjects...
[2026-02-22 06:33:32] Round 2 [sem-7] Starting 3 subjects...
[2026-02-22 06:33:32] Round 2 [sem-5] Starting: bcs501-software-engineering-project-management
[2026-02-22 06:33:32] Round 2 [sem-3] Starting: bcs301-mathematics-for-computer-science
[2026-02-22 06:33:32] Round 2 [sem-6] Starting: bai654d-introduction-to-artificial-intelligence
[2026-02-22 06:33:32] Round 2 [sem-4] Starting: bcs401-analysis-design-of-algorithms
[2026-02-22 06:33:32] Round 2 [sem-7] Starting: bcs701-internet-of-things
[2026-02-22 06:35:12] Round 2 [sem-6] Done: bai654d-introduction-to-artificial-intelligence —   PASS                : 11;   TOTAL               : 11; All topics PASS — nothing to fix.
[2026-02-22 06:35:12] Round 2 [sem-6] Starting: bcs601-cloud-computing
[2026-02-22 06:37:55] Round 2 [sem-3] Done: bcs301-mathematics-for-computer-science —   PASS                : 42;   TOTAL               : 42; All topics PASS — nothing to fix.
[2026-02-22 06:37:55] Round 2 [sem-3] Starting: bcs302-digital-design-and-computer-organization
[2026-02-22 06:38:50] Round 2 [sem-6] Done: bcs601-cloud-computing —   PASS                : 37;   TOTAL               : 37; All topics PASS — nothing to fix.
[2026-02-22 06:38:50] Round 2 [sem-6] Starting: bcs602-machine-learning
[2026-02-22 06:44:27] Round 2 [sem-7] Done: bcs701-internet-of-things —   [FIX 1/1 Python Data Types And Data Str] API responded in 74.5s;   [FIX 1/1 Python Data Types And Data Str] API responded in 128.3s; Fix complete: 1/1 topics fixed in 385s
[2026-02-22 06:44:27] Round 2 [sem-7] Starting: bcs702-parallel-computing
[2026-02-22 06:48:46] Round 2 [sem-3] Done: bcs302-digital-design-and-computer-organization —   [FIX 1/1 Performing Alu Operations] API responded in 121.5s;   [FIX 1/1 Performing Alu Operations] FIX FAILED: Expecting ',' delimiter: line 1 column 27788 (char 27787); Fix complete: 1/1 topics fixed in 365s
[2026-02-22 06:48:46] Round 2 [sem-3] Starting: bcs303-operating-systems
[2026-02-22 06:50:43] Round 2 [sem-6] Done: bcs602-machine-learning —   [FIX 2/2 Q Learning] API responded in 161.1s;   [FIX 2/2 Q Learning] FIX FAILED: Expecting property name enclosed in double quotes: line 1 column 5518 (char 5517); Fix complete: 1/2 topics fixed in 365s
[2026-02-22 06:50:43] Round 2 [sem-6] Starting: bcs613a-blockchain-technology
[2026-02-22 06:54:32] Round 2 [sem-4] Done: bcs401-analysis-design-of-algorithms —   [FIX 4/4 Prims Algorithm] API responded in 34.6s;   [FIX 4/4 Prims Algorithm] API responded in 163.3s; Fix complete: 4/4 topics fixed in 1057s
[2026-02-22 06:54:32] Round 2 [sem-4] Starting: bcs402-microcontrollers
[2026-02-22 06:57:32] Round 2 [sem-5] Done: bcs501-software-engineering-project-management —   [FIX 4/4 Introduction] API responded in 36.6s;   [FIX 4/4 Introduction] API responded in 106.9s; Fix complete: 4/4 topics fixed in 1065s
[2026-02-22 06:57:32] Round 2 [sem-5] Starting: bcs502-computer-networks
[2026-02-22 06:57:39] Round 2 [sem-7] Done: bcs702-parallel-computing —   [FIX 3/3 Improving Performance] API responded in 94.3s;   [FIX 3/3 Improving Performance] FIX FAILED: Extra data: line 1 column 9734 (char 9733); Fix complete: 3/3 topics fixed in 553s
[2026-02-22 06:57:39] Round 2 [sem-7] Starting: bcs703-cryptography-network-security
[2026-02-22 07:14:36] Round 2 [sem-4] Done: bcs402-microcontrollers —   [FIX 4/4 Exception Handling] API responded in 164.8s;   [FIX 4/4 Exception Handling] FIX FAILED: Expecting ':' delimiter: line 1 column 12544 (char 12543); Fix complete: 4/4 topics fixed in 950s
[2026-02-22 07:14:36] Round 2 [sem-4] Starting: bcs403-database-management-system
[2026-02-22 07:17:22] Round 2 [sem-5] Done: bcs502-computer-networks —   [FIX 5/5 Services] API responded in 43.9s;   [FIX 5/5 Services] API responded in 74.0s; Fix complete: 5/5 topics fixed in 883s
[2026-02-22 07:17:22] Round 2 [sem-5] Starting: bcs503-theory-of-computation
[2026-02-22 07:18:46] Round 2 [sem-3] TIMEOUT (30min): bcs303-operating-systems
[2026-02-22 07:18:46] Round 2 [sem-3] Starting: bcs304-data-structures-and-applications
[2026-02-22 07:19:40] Round 2 [sem-7] Done: bcs703-cryptography-network-security —   [FIX 5/5 Pretty Good Privacy] API responded in 72.5s;   [FIX 5/5 Pretty Good Privacy] API responded in 164.6s; Fix complete: 5/5 topics fixed in 999s
[2026-02-22 07:19:40] Round 2 [sem-7] All 3 subjects done.
[2026-02-22 07:20:22] Round 2 [sem-5] Done: bcs503-theory-of-computation —   PASS                : 30;   TOTAL               : 30; All topics PASS — nothing to fix.
[2026-02-22 07:20:22] Round 2 [sem-5] Starting: bcs508-environmental-studies
[2026-02-22 07:20:43] Round 2 [sem-6] TIMEOUT (30min): bcs613a-blockchain-technology
[2026-02-22 07:20:43] Round 2 [sem-6] Starting: bcs613b-computer-vision
[2026-02-22 07:22:01] Round 2 [sem-4] Done: bcs403-database-management-system —   [FIX 1/1 Update Operations Transactions] API responded in 131.4s;   [FIX 1/1 Update Operations Transactions] FIX FAILED: Expecting ':' delimiter: line 1 column 9941 (char 9940); Fix complete: 1/1 topics fixed in 159s
[2026-02-22 07:22:01] Round 2 [sem-4] Starting: bcs405a-discrete-mathematical-structures
[2026-02-22 07:29:48] Round 2 [sem-6] Done: bcs613b-computer-vision —   [FIX 1/1 Morphological Image Processing] API responded in 121.5s;   [FIX 1/1 Morphological Image Processing] FIX FAILED: Expecting ':' delimiter: line 1 column 8087 (char 8086); Fix complete: 1/1 topics fixed in 184s
[2026-02-22 07:29:48] Round 2 [sem-6] Starting: bcs613c-compiler-design
[2026-02-22 07:30:04] Round 2 [sem-5] Done: bcs508-environmental-studies —   [FIX 2/2 Types And Sources] API responded in 28.0s;   [FIX 2/2 Types And Sources] API responded in 141.2s; Fix complete: 2/2 topics fixed in 353s
[2026-02-22 07:30:04] Round 2 [sem-5] Starting: bcs515a-computer-graphics
[2026-02-22 07:31:04] Round 2 [sem-4] Done: bcs405a-discrete-mathematical-structures —   [FIX 2/2 Second Order Linear Homogeneou] API responded in 148.5s;   [FIX 2/2 Second Order Linear Homogeneou] FIX FAILED: Expecting ':' delimiter: line 1 column 5511 (char 5510); Fix complete: 0/2 topics fixed in 291s
[2026-02-22 07:31:04] Round 2 [sem-4] Starting: bcs405b-graph-theory
[2026-02-22 07:31:56] Round 2 [sem-6] Done: bcs613c-compiler-design —   PASS                : 19;   TOTAL               : 19; All topics PASS — nothing to fix.
[2026-02-22 07:31:56] Round 2 [sem-6] Starting: bcs613d-advanced-java
[2026-02-22 07:32:03] Round 2 [sem-3] Done: bcs304-data-structures-and-applications —   [FIX 3/3 Single And Double Ended Priori] API responded in 123.3s;   [FIX 3/3 Single And Double Ended Priori] FIX FAILED: Expecting ',' delimiter: line 1 column 30923 (char 30922); Fix complete: 3/3 topics fixed in 521s
[2026-02-22 07:32:03] Round 2 [sem-3] Starting: bcs306a-object-oriented-programming-with-java
[2026-02-22 07:39:30] Round 2 [sem-4] Done: bcs405b-graph-theory —   [FIX 1/1 Isomorphism Sub Graphs Walks P] API responded in 143.3s;   [FIX 1/1 Isomorphism Sub Graphs Walks P] FIX FAILED: Expecting ',' delimiter: line 218 column 384 (char 11548); Fix complete: 1/1 topics fixed in 265s
[2026-02-22 07:39:30] Round 2 [sem-4] Starting: bcs405c-optimization-technique
[2026-02-22 07:40:22] Round 2 [sem-4] Done: bcs405c-optimization-technique —   PASS                : 8;   TOTAL               : 8; All topics PASS — nothing to fix.
[2026-02-22 07:40:22] Round 2 [sem-4] Starting: bcs405d-linear-algebra
[2026-02-22 07:41:17] Round 2 [sem-6] Done: bcs613d-advanced-java —   [FIX 1/1 Loops] API responded in 59.7s;   [FIX 1/1 Loops] API responded in 110.5s; Fix complete: 1/1 topics fixed in 170s
[2026-02-22 07:41:17] Round 2 [sem-6] Starting: bcs654a-introduction-to-data-structures
[2026-02-22 07:41:47] Round 2 [sem-5] Done: bcs515a-computer-graphics —   [FIX 2/2 Menus] API responded in 68.3s;   [FIX 2/2 Menus] API responded in 136.2s; Fix complete: 2/2 topics fixed in 428s
[2026-02-22 07:41:47] Round 2 [sem-5] Starting: bcs515b-artificial-intelligence
[2026-02-22 07:51:01] Round 2 [sem-6] Done: bcs654a-introduction-to-data-structures —   [FIX 1/1 Trees] API responded in 48.9s;   [FIX 1/1 Trees] API responded in 149.1s; Fix complete: 1/1 topics fixed in 198s
[2026-02-22 07:51:01] Round 2 [sem-6] Starting: bcs654b-fundamentals-of-operating-systems
[2026-02-22 07:51:15] Round 2 [sem-5] Done: bcs515b-artificial-intelligence —   [FIX 2/2 Example Problems] API responded in 158.2s;   [FIX 2/2 Example Problems] FIX FAILED: Expecting ',' delimiter: line 1 column 3721 (char 3720); Fix complete: 2/2 topics fixed in 376s
[2026-02-22 07:51:15] Round 2 [sem-5] Starting: bcs515c-unix-system-programming
[2026-02-22 08:01:53] Round 2 [sem-6] Done: bcs654b-fundamentals-of-operating-systems —   [FIX 2/2 Continuous Internal Evaluation] API responded in 40.6s;   [FIX 2/2 Continuous Internal Evaluation] API responded in 168.2s; Fix complete: 2/2 topics fixed in 326s
[2026-02-22 08:01:53] Round 2 [sem-6] Starting: bis654c-mobile-application-development
[2026-02-22 08:02:02] Round 2 [sem-4] Done: bcs405d-linear-algebra —   [FIX 5/5 8 Hours Teaching Learning Chal] API responded in 70.2s;   [FIX 5/5 8 Hours Teaching Learning Chal] API responded in 167.0s; Fix complete: 5/5 topics fixed in 1078s
[2026-02-22 08:02:02] Round 2 [sem-4] Starting: bcs456a-green-it-and-sustainability
[2026-02-22 08:02:03] Round 2 [sem-3] TIMEOUT (30min): bcs306a-object-oriented-programming-with-java
[2026-02-22 08:02:03] Round 2 [sem-3] Starting: bcs306b-object-oriented-programming-with-c++
[2026-02-22 08:11:08] Round 2 [sem-6] Done: bis654c-mobile-application-development —   [FIX 2/2 Navigation] API responded in 56.6s;   [FIX 2/2 Navigation] API responded in 141.2s; Fix complete: 2/2 topics fixed in 426s
[2026-02-22 08:11:08] Round 2 [sem-6] All 10 subjects done.
[2026-02-22 08:11:19] Round 2 [sem-3] Done: bcs306b-object-oriented-programming-with-c++ —   [FIX 1/1 The Cpp Classes] API responded in 86.0s;   [FIX 1/1 The Cpp Classes] API responded in 152.5s; Fix complete: 1/1 topics fixed in 238s
[2026-02-22 08:11:19] Round 2 [sem-3] All 6 subjects done.
[2026-02-22 08:21:04] Round 2 [sem-4] Done: bcs456a-green-it-and-sustainability —   [FIX 5/5 Sustainability And The Product] API responded in 30.8s;   [FIX 5/5 Sustainability And The Product] API responded in 169.4s; Fix complete: 3/5 topics fixed in 885s
[2026-02-22 08:21:04] Round 2 [sem-4] Starting: bcs456b-capacity-planning-for-it
[2026-02-22 08:21:15] Round 2 [sem-5] TIMEOUT (30min): bcs515c-unix-system-programming
[2026-02-22 08:21:15] Round 2 [sem-5] Starting: bcs515d-distributed-systems
[2026-02-22 08:38:50] Round 2 [sem-5] Done: bcs515d-distributed-systems —   [FIX 4/4 Introduction] API responded in 129.0s;   [FIX 4/4 Introduction] FIX FAILED: Extra data: line 1 column 29008 (char 29007); Fix complete: 4/4 topics fixed in 879s
[2026-02-22 08:38:50] Round 2 [sem-5] All 8 subjects done.
[2026-02-22 08:42:39] Round 2 [sem-4] Done: bcs456b-capacity-planning-for-it —   [FIX 5/5 Issues] API responded in 142.9s;   [FIX 5/5 Issues] FIX FAILED: Expecting ',' delimiter: line 1 column 14490 (char 14489); Fix complete: 3/5 topics fixed in 1018s
[2026-02-22 08:42:39] Round 2 [sem-4] Starting: bcs456c-uiux
[2026-02-22 09:01:10] Round 2 [sem-4] Done: bcs456c-uiux —   [FIX 5/5 Ux Goals Metrics And Targets U] Regenerating JSON files...;   [FIX 5/5 Ux Goals Metrics And Targets U] API responded in 110.6s; Fix complete: 3/5 topics fixed in 898s
[2026-02-22 09:01:10] Round 2 [sem-4] All 10 subjects done.
[2026-02-22 09:01:10] ======================================================================
[2026-02-22 09:01:10] ROUND 2 COMPLETE — all 37 subjects re-rated and fixed
[2026-02-22 09:01:10] ======================================================================

================================================================================
Quality Gate Status — 2026-02-22 09:01:10
================================================================================

  sem-3 (6 subjects):
    bcs301-mathematics-for-computer-science                 DONE (pre-fix + post-fix)
    bcs302-digital-design-and-computer-organization         DONE (pre-fix + post-fix)
    bcs303-operating-systems                                DONE (pre-fix + post-fix)
    bcs304-data-structures-and-applications                 DONE (pre-fix + post-fix)
    bcs306a-object-oriented-programming-with-java           DONE (pre-fix + post-fix)
    bcs306b-object-oriented-programming-with-c++            DONE (pre-fix + post-fix)

  sem-4 (10 subjects):
    bcs401-analysis-design-of-algorithms                    DONE (pre-fix + post-fix)
    bcs402-microcontrollers                                 DONE (pre-fix + post-fix)
    bcs403-database-management-system                       DONE (pre-fix + post-fix)
    bcs405a-discrete-mathematical-structures                DONE (pre-fix + post-fix)
    bcs405b-graph-theory                                    DONE (pre-fix + post-fix)
    bcs405c-optimization-technique                          RATED (pre-fix only, fix pending)
    bcs405d-linear-algebra                                  DONE (pre-fix + post-fix)
    bcs456a-green-it-and-sustainability                     DONE (pre-fix + post-fix)
    bcs456b-capacity-planning-for-it                        DONE (pre-fix + post-fix)
    bcs456c-uiux                                            DONE (pre-fix + post-fix)

  sem-5 (8 subjects):
    bcs501-software-engineering-project-management          DONE (pre-fix + post-fix)
    bcs502-computer-networks                                DONE (pre-fix + post-fix)
    bcs503-theory-of-computation                            DONE (pre-fix + post-fix)
    bcs508-environmental-studies                            DONE (pre-fix + post-fix)
    bcs515a-computer-graphics                               DONE (pre-fix + post-fix)
    bcs515b-artificial-intelligence                         DONE (pre-fix + post-fix)
    bcs515c-unix-system-programming                         DONE (pre-fix + post-fix)
    bcs515d-distributed-systems                             DONE (pre-fix + post-fix)

  sem-6 (10 subjects):
    bai654d-introduction-to-artificial-intelligence         RATED (pre-fix only, fix pending)
    bcs601-cloud-computing                                  DONE (pre-fix + post-fix)
    bcs602-machine-learning                                 DONE (pre-fix + post-fix)
    bcs613a-blockchain-technology                           DONE (pre-fix + post-fix)
    bcs613b-computer-vision                                 DONE (pre-fix + post-fix)
    bcs613c-compiler-design                                 DONE (pre-fix + post-fix)
    bcs613d-advanced-java                                   DONE (pre-fix + post-fix)
    bcs654a-introduction-to-data-structures                 DONE (pre-fix + post-fix)
    bcs654b-fundamentals-of-operating-systems               DONE (pre-fix + post-fix)
    bis654c-mobile-application-development                  DONE (pre-fix + post-fix)

  sem-7 (3 subjects):
    bcs701-internet-of-things                               DONE (pre-fix + post-fix)
    bcs702-parallel-computing                               DONE (pre-fix + post-fix)
    bcs703-cryptography-network-security                    DONE (pre-fix + post-fix)

  Total: 35/37 fully done, 37/37 pre-fix done
================================================================================

[2026-02-22 09:01:10] ORCHESTRATOR COMPLETE — both rounds finished
